E:\MYPROJECTS\MONITOR\DEBUG\MONITOR.EXE
E:\MYPROJECTS\MONITOR\DEBUG\MONITOR.ILK
E:\MYPROJECTS\MONITOR\DEBUG\MONITOR.PDB
E:\MyProjects\Monitor\Monitor\Debug\cl.command.1.tlog
E:\MyProjects\Monitor\Monitor\Debug\CL.read.1.tlog
E:\MyProjects\Monitor\Monitor\Debug\CL.write.1.tlog
E:\MYPROJECTS\MONITOR\MONITOR\DEBUG\COMMODBUS.OBJ
E:\MYPROJECTS\MONITOR\MONITOR\DEBUG\CPPSQLITE3U.OBJ
E:\MYPROJECTS\MONITOR\MONITOR\DEBUG\DLGDATABASE.OBJ
E:\MYPROJECTS\MONITOR\MONITOR\DEBUG\DLGMAIN.OBJ
E:\MYPROJECTS\MONITOR\MONITOR\DEBUG\DLGPARAM.OBJ
E:\MYPROJECTS\MONITOR\MONITOR\DEBUG\DLGVIEW.OBJ
E:\MyProjects\Monitor\Monitor\Debug\link.command.1.tlog
E:\MyProjects\Monitor\Monitor\Debug\link.read.1.tlog
E:\MyProjects\Monitor\Monitor\Debug\link.write.1.tlog
E:\MyProjects\Monitor\Monitor\Debug\link-cvtres.read.1.tlog
E:\MyProjects\Monitor\Monitor\Debug\link-cvtres.write.1.tlog
E:\MYPROJECTS\MONITOR\MONITOR\DEBUG\MODBUSHELP.OBJ
E:\MyProjects\Monitor\Monitor\Debug\Monitor.exe.embed.manifest
E:\MYPROJECTS\MONITOR\MONITOR\DEBUG\MONITOR.EXE.EMBED.MANIFEST.RES
E:\MYPROJECTS\MONITOR\MONITOR\DEBUG\MONITOR.EXE.INTERMEDIATE.MANIFEST
E:\MYPROJECTS\MONITOR\MONITOR\DEBUG\MONITOR.OBJ
E:\MYPROJECTS\MONITOR\MONITOR\DEBUG\MONITOR.PCH
E:\MYPROJECTS\MONITOR\MONITOR\DEBUG\MONITOR.RES
E:\MyProjects\Monitor\Monitor\Debug\Monitor_manifest.rc
E:\MyProjects\Monitor\Monitor\Debug\mt.command.1.tlog
E:\MyProjects\Monitor\Monitor\Debug\mt.read.1.tlog
E:\MyProjects\Monitor\Monitor\Debug\mt.write.1.tlog
E:\MYPROJECTS\MONITOR\MONITOR\DEBUG\PAGEPARAM1.OBJ
E:\MYPROJECTS\MONITOR\MONITOR\DEBUG\PAGEPARAM2.OBJ
E:\MYPROJECTS\MONITOR\MONITOR\DEBUG\PARAMHELP.OBJ
E:\MyProjects\Monitor\Monitor\Debug\rc.command.1.tlog
E:\MyProjects\Monitor\Monitor\Debug\rc.read.1.tlog
E:\MyProjects\Monitor\Monitor\Debug\rc.write.1.tlog
E:\MYPROJECTS\MONITOR\MONITOR\DEBUG\SHEETPARAM.OBJ
E:\MYPROJECTS\MONITOR\MONITOR\DEBUG\SQLITEHELP.OBJ
E:\MYPROJECTS\MONITOR\MONITOR\DEBUG\STDAFX.OBJ
E:\MYPROJECTS\MONITOR\MONITOR\DEBUG\THERMOMETER.OBJ
E:\MyProjects\Monitor\Monitor\Debug\vc100.idb
E:\MYPROJECTS\MONITOR\MONITOR\DEBUG\VC100.PDB
E:\MYPROJECTS\MONITOR\MONITOR\DEBUG\WORKFUNC.OBJ
E:\MYPROJECTS\MONITOR\MONITOR\DEBUG\WORKPOOL.OBJ
E:\MYPROJECTS\MONITOR\MONITOR\DEBUG\WRPF.OBJ
